[error] Failed to fetch Firebase Project from Studio Workspace because WORKSPACE_SLUG environment variable is empty
[error] Failed to fetch Firebase Project from Studio Workspace because WORKSPACE_SLUG environment variable is empty
[error] Failed to fetch Firebase Project from Studio Workspace because WORKSPACE_SLUG environment variable is empty
[error] Failed to fetch Firebase Project from Studio Workspace because WORKSPACE_SLUG environment variable is empty
[debug] [2025-11-03T14:32:28.842Z] > command requires scopes: ["email","openid","https://www.googleapis.com/auth/cloudplatformprojects.readonly","https://www.googleapis.com/auth/firebase","https://www.googleapis.com/auth/cloud-platform","https://www.googleapis.com/auth/userinfo.email"]
[debug] [2025-11-03T14:32:28.844Z] > authorizing via signed-in user (rishirajmishraaaa@gmail.com)
[debug] [2025-11-03T14:32:28.880Z] Checked if tokens are valid: false, expires at: 1762144945208
[debug] [2025-11-03T14:32:28.881Z] Checked if tokens are valid: false, expires at: 1762144945208
[debug] [2025-11-03T14:32:28.882Z] > refreshing access token with scopes: []
[debug] [2025-11-03T14:32:28.886Z] >>> [apiv2][query] POST https://www.googleapis.com/oauth2/v3/token [none]
[debug] [2025-11-03T14:32:28.887Z] >>> [apiv2][body] POST https://www.googleapis.com/oauth2/v3/token [omitted]
[debug] [2025-11-03T14:32:28.893Z] Checked if tokens are valid: false, expires at: 1762144945208
[debug] [2025-11-03T14:32:28.895Z] Checked if tokens are valid: false, expires at: 1762144945208
[debug] [2025-11-03T14:32:28.895Z] > refreshing access token with scopes: []
[debug] [2025-11-03T14:32:28.897Z] >>> [apiv2][query] POST https://www.googleapis.com/oauth2/v3/token [none]
[debug] [2025-11-03T14:32:28.897Z] >>> [apiv2][body] POST https://www.googleapis.com/oauth2/v3/token [omitted]
[debug] [2025-11-03T14:32:28.902Z] > command requires scopes: ["email","openid","https://www.googleapis.com/auth/cloudplatformprojects.readonly","https://www.googleapis.com/auth/firebase","https://www.googleapis.com/auth/cloud-platform","https://www.googleapis.com/auth/userinfo.email"]
[debug] [2025-11-03T14:32:28.903Z] > authorizing via signed-in user (rishirajmishraaaa@gmail.com)
[debug] [2025-11-03T14:32:28.908Z] Checked if tokens are valid: false, expires at: 1762144945208
[debug] [2025-11-03T14:32:28.908Z] Checked if tokens are valid: false, expires at: 1762144945208
[debug] [2025-11-03T14:32:28.908Z] > refreshing access token with scopes: []
[debug] [2025-11-03T14:32:28.912Z] >>> [apiv2][query] POST https://www.googleapis.com/oauth2/v3/token [none]
[debug] [2025-11-03T14:32:28.913Z] >>> [apiv2][body] POST https://www.googleapis.com/oauth2/v3/token [omitted]
[debug] [2025-11-03T14:32:28.921Z] Checked if tokens are valid: false, expires at: 1762144945208
[debug] [2025-11-03T14:32:28.922Z] Checked if tokens are valid: false, expires at: 1762144945208
[debug] [2025-11-03T14:32:28.923Z] > refreshing access token with scopes: []
[debug] [2025-11-03T14:32:28.923Z] >>> [apiv2][query] POST https://www.googleapis.com/oauth2/v3/token [none]
[debug] [2025-11-03T14:32:28.924Z] >>> [apiv2][body] POST https://www.googleapis.com/oauth2/v3/token [omitted]
[debug] [2025-11-03T14:32:29.497Z] <<< [apiv2][status] POST https://www.googleapis.com/oauth2/v3/token 200
[debug] [2025-11-03T14:32:29.507Z] <<< [apiv2][body] POST https://www.googleapis.com/oauth2/v3/token [omitted]
[debug] [2025-11-03T14:32:29.543Z] >>> [apiv2][query] GET https://serviceusage.googleapis.com/v1/projects/cabzi-welr1/services/firebaseio.com [none]
[debug] [2025-11-03T14:32:29.545Z] >>> [apiv2][(partial)header] GET https://serviceusage.googleapis.com/v1/projects/cabzi-welr1/services/firebaseio.com x-goog-quota-user=projects/cabzi-welr1
[debug] [2025-11-03T14:32:29.582Z] <<< [apiv2][status] POST https://www.googleapis.com/oauth2/v3/token 200
[debug] [2025-11-03T14:32:29.583Z] <<< [apiv2][body] POST https://www.googleapis.com/oauth2/v3/token [omitted]
[debug] [2025-11-03T14:32:29.613Z] >>> [apiv2][query] GET https://serviceusage.googleapis.com/v1/projects/cabzi-welr1/services/firebaseapphosting.googleapis.com [none]
[debug] [2025-11-03T14:32:29.617Z] >>> [apiv2][(partial)header] GET https://serviceusage.googleapis.com/v1/projects/cabzi-welr1/services/firebaseapphosting.googleapis.com x-goog-quota-user=projects/cabzi-welr1
[debug] [2025-11-03T14:32:29.764Z] <<< [apiv2][status] POST https://www.googleapis.com/oauth2/v3/token 200
[debug] [2025-11-03T14:32:29.764Z] <<< [apiv2][body] POST https://www.googleapis.com/oauth2/v3/token [omitted]
[debug] [2025-11-03T14:32:29.800Z] >>> [apiv2][query] GET https://serviceusage.googleapis.com/v1/projects/cabzi-welr1/services/firebaseio.com [none]
[debug] [2025-11-03T14:32:29.800Z] >>> [apiv2][(partial)header] GET https://serviceusage.googleapis.com/v1/projects/cabzi-welr1/services/firebaseio.com x-goog-quota-user=projects/cabzi-welr1
[debug] [2025-11-03T14:32:30.243Z] <<< [apiv2][status] POST https://www.googleapis.com/oauth2/v3/token 200
[debug] [2025-11-03T14:32:30.244Z] <<< [apiv2][body] POST https://www.googleapis.com/oauth2/v3/token [omitted]
[debug] [2025-11-03T14:32:30.277Z] >>> [apiv2][query] GET https://serviceusage.googleapis.com/v1/projects/cabzi-welr1/services/firebaseapphosting.googleapis.com [none]
[debug] [2025-11-03T14:32:30.278Z] >>> [apiv2][(partial)header] GET https://serviceusage.googleapis.com/v1/projects/cabzi-welr1/services/firebaseapphosting.googleapis.com x-goog-quota-user=projects/cabzi-welr1
[debug] [2025-11-03T14:32:30.859Z] <<< [apiv2][status] GET https://serviceusage.googleapis.com/v1/projects/cabzi-welr1/services/firebaseio.com 403
[debug] [2025-11-03T14:32:30.859Z] <<< [apiv2][body] GET https://serviceusage.googleapis.com/v1/projects/cabzi-welr1/services/firebaseio.com [omitted]
[debug] [2025-11-03T14:32:30.914Z] <<< [apiv2][status] GET https://serviceusage.googleapis.com/v1/projects/cabzi-welr1/services/firebaseio.com 403
[debug] [2025-11-03T14:32:30.926Z] <<< [apiv2][body] GET https://serviceusage.googleapis.com/v1/projects/cabzi-welr1/services/firebaseio.com [omitted]
[debug] [2025-11-03T14:32:30.960Z] <<< [apiv2][status] GET https://serviceusage.googleapis.com/v1/projects/cabzi-welr1/services/firebaseapphosting.googleapis.com 200
[debug] [2025-11-03T14:32:30.973Z] <<< [apiv2][body] GET https://serviceusage.googleapis.com/v1/projects/cabzi-welr1/services/firebaseapphosting.googleapis.com [omitted]
[error] Failed to fetch Firebase Project from Studio Workspace because WORKSPACE_SLUG environment variable is empty
[error] Failed to fetch Firebase Project from Studio Workspace because WORKSPACE_SLUG environment variable is empty
[error] Failed to fetch Firebase Project from Studio Workspace because WORKSPACE_SLUG environment variable is empty
[debug] [2025-11-03T14:32:31.022Z] > command requires scopes: ["email","openid","https://www.googleapis.com/auth/cloudplatformprojects.readonly","https://www.googleapis.com/auth/firebase","https://www.googleapis.com/auth/cloud-platform","https://www.googleapis.com/auth/userinfo.email"]
[debug] [2025-11-03T14:32:31.023Z] > authorizing via signed-in user (rishirajmishraaaa@gmail.com)
[error] Failed to fetch Firebase Project from Studio Workspace because WORKSPACE_SLUG environment variable is empty
[debug] [2025-11-03T14:32:31.033Z] > command requires scopes: ["email","openid","https://www.googleapis.com/auth/cloudplatformprojects.readonly","https://www.googleapis.com/auth/firebase","https://www.googleapis.com/auth/cloud-platform","https://www.googleapis.com/auth/userinfo.email"]
[debug] [2025-11-03T14:32:31.033Z] > authorizing via signed-in user (rishirajmishraaaa@gmail.com)
[error] Failed to fetch Firebase Project from Studio Workspace because WORKSPACE_SLUG environment variable is empty
[error] Failed to fetch Firebase Project from Studio Workspace because WORKSPACE_SLUG environment variable is empty
[error] Failed to fetch Firebase Project from Studio Workspace because WORKSPACE_SLUG environment variable is empty
[error] Failed to fetch Firebase Project from Studio Workspace because WORKSPACE_SLUG environment variable is empty
[debug] [2025-11-03T14:32:31.138Z] > command requires scopes: ["email","openid","https://www.googleapis.com/auth/cloudplatformprojects.readonly","https://www.googleapis.com/auth/firebase","https://www.googleapis.com/auth/cloud-platform","https://www.googleapis.com/auth/userinfo.email"]
[debug] [2025-11-03T14:32:31.138Z] > authorizing via signed-in user (rishirajmishraaaa@gmail.com)
[error] Failed to fetch Firebase Project from Studio Workspace because WORKSPACE_SLUG environment variable is empty
[debug] [2025-11-03T14:32:31.154Z] > command requires scopes: ["email","openid","https://www.googleapis.com/auth/cloudplatformprojects.readonly","https://www.googleapis.com/auth/firebase","https://www.googleapis.com/auth/cloud-platform","https://www.googleapis.com/auth/userinfo.email"]
[debug] [2025-11-03T14:32:31.157Z] > authorizing via signed-in user (rishirajmishraaaa@gmail.com)
[error] Failed to fetch Firebase Project from Studio Workspace because WORKSPACE_SLUG environment variable is empty
[error] Failed to fetch Firebase Project from Studio Workspace because WORKSPACE_SLUG environment variable is empty
[debug] [2025-11-03T14:32:31.222Z] > command requires scopes: ["email","openid","https://www.googleapis.com/auth/cloudplatformprojects.readonly","https://www.googleapis.com/auth/firebase","https://www.googleapis.com/auth/cloud-platform","https://www.googleapis.com/auth/userinfo.email"]
[debug] [2025-11-03T14:32:31.224Z] > authorizing via signed-in user (rishirajmishraaaa@gmail.com)
[error] Failed to fetch Firebase Project from Studio Workspace because WORKSPACE_SLUG environment variable is empty
[debug] [2025-11-03T14:32:31.236Z] > command requires scopes: ["email","openid","https://www.googleapis.com/auth/cloudplatformprojects.readonly","https://www.googleapis.com/auth/firebase","https://www.googleapis.com/auth/cloud-platform","https://www.googleapis.com/auth/userinfo.email"]
[debug] [2025-11-03T14:32:31.236Z] > authorizing via signed-in user (rishirajmishraaaa@gmail.com)
[debug] [2025-11-03T14:32:31.410Z] <<< [apiv2][status] GET https://serviceusage.googleapis.com/v1/projects/cabzi-welr1/services/firebaseapphosting.googleapis.com 200
[debug] [2025-11-03T14:32:31.411Z] <<< [apiv2][body] GET https://serviceusage.googleapis.com/v1/projects/cabzi-welr1/services/firebaseapphosting.googleapis.com [omitted]
[error] Failed to fetch Firebase Project from Studio Workspace because WORKSPACE_SLUG environment variable is empty
[error] Failed to fetch Firebase Project from Studio Workspace because WORKSPACE_SLUG environment variable is empty
[error] Failed to fetch Firebase Project from Studio Workspace because WORKSPACE_SLUG environment variable is empty
[error] Failed to fetch Firebase Project from Studio Workspace because WORKSPACE_SLUG environment variable is empty
[debug] [2025-11-03T16:33:46.945Z] > command requires scopes: ["email","openid","https://www.googleapis.com/auth/cloudplatformprojects.readonly","https://www.googleapis.com/auth/firebase","https://www.googleapis.com/auth/cloud-platform","https://www.googleapis.com/auth/userinfo.email"]
[debug] [2025-11-03T16:33:46.957Z] > authorizing via signed-in user (rishirajmishraaaa@gmail.com)
[error] Failed to fetch Firebase Project from Studio Workspace because WORKSPACE_SLUG environment variable is empty
[debug] [2025-11-03T16:33:47.010Z] > command requires scopes: ["email","openid","https://www.googleapis.com/auth/cloudplatformprojects.readonly","https://www.googleapis.com/auth/firebase","https://www.googleapis.com/auth/cloud-platform","https://www.googleapis.com/auth/userinfo.email"]
[debug] [2025-11-03T16:33:47.017Z] > authorizing via signed-in user (rishirajmishraaaa@gmail.com)
[error] Failed to fetch Firebase Project from Studio Workspace because WORKSPACE_SLUG environment variable is empty
[error] Failed to fetch Firebase Project from Studio Workspace because WORKSPACE_SLUG environment variable is empty
[debug] [2025-11-03T16:33:47.090Z] > command requires scopes: ["email","openid","https://www.googleapis.com/auth/cloudplatformprojects.readonly","https://www.googleapis.com/auth/firebase","https://www.googleapis.com/auth/cloud-platform","https://www.googleapis.com/auth/userinfo.email"]
[debug] [2025-11-03T16:33:47.091Z] > authorizing via signed-in user (rishirajmishraaaa@gmail.com)
[error] Failed to fetch Firebase Project from Studio Workspace because WORKSPACE_SLUG environment variable is empty
[debug] [2025-11-03T16:33:47.104Z] > command requires scopes: ["email","openid","https://www.googleapis.com/auth/cloudplatformprojects.readonly","https://www.googleapis.com/auth/firebase","https://www.googleapis.com/auth/cloud-platform","https://www.googleapis.com/auth/userinfo.email"]
[debug] [2025-11-03T16:33:47.114Z] > authorizing via signed-in user (rishirajmishraaaa@gmail.com)
